Analysis & Elaboration report for 32X32MATV1
Mon Apr 24 04:21:27 2023
Quartus Prime Version 20.1.0 Build 711 06/05/2020 SJ Lite Edition


---------------------
; Table of Contents ;
---------------------
  1. Legal Notice
  2. Analysis & Elaboration Summary
  3. Parallel Compilation
  4. Parameter Settings for User Entity Instance: Top-level Entity: |top_dut
  5. Parameter Settings for User Entity Instance: stateMachOperateSignals:SIGNALSCONT
  6. Parameter Settings for User Entity Instance: StateMachineGenDir1:SM_GDM1
  7. Parameter Settings for User Entity Instance: StateMachineGenDir2:SM_GDM2
  8. Parameter Settings for User Entity Instance: prescaler:PRESC
  9. Parameter Settings for User Entity Instance: simple_dual_port_ram:RAMR1
 10. Parameter Settings for User Entity Instance: simple_dual_port_ram:RAMI1
 11. Parameter Settings for User Entity Instance: simple_dual_port_ram:RAMR2
 12. Parameter Settings for User Entity Instance: simple_dual_port_ram:RAMI2
 13. Parameter Settings for User Entity Instance: accum:ACUMR
 14. Parameter Settings for User Entity Instance: accum:ACUMI
 15. Parameter Settings for User Entity Instance: simple_dual_port_ram:RAM_outR
 16. Parameter Settings for User Entity Instance: simple_dual_port_ram:RAM_outI
 17. Parameter Settings for User Entity Instance: contadorDirRamOut:CNTDIRAMOUT
 18. Analysis & Elaboration Settings
 19. Port Connectivity Checks: "StateMachineGenDir2:SM_GDM2"
 20. Port Connectivity Checks: "StateMachineGenDir1:SM_GDM1"
 21. Analysis & Elaboration Messages



----------------
; Legal Notice ;
----------------
Copyright (C) 2020  Intel Corporation. All rights reserved.
Your use of Intel Corporation's design tools, logic functions 
and other software and tools, and any partner logic 
functions, and any output files from any of the foregoing 
(including device programming or simulation files), and any 
associated documentation or information are expressly subject 
to the terms and conditions of the Intel Program License 
Subscription Agreement, the Intel Quartus Prime License Agreement,
the Intel FPGA IP License Agreement, or other applicable license
agreement, including, without limitation, that your use is for
the sole purpose of programming logic devices manufactured by
Intel and sold by Intel or its authorized distributors.  Please
refer to the applicable agreement for further details, at
https://fpgasoftware.intel.com/eula.



+----------------------------------------------------------------------------------+
; Analysis & Elaboration Summary                                                   ;
+------------------------------------+---------------------------------------------+
; Analysis & Elaboration Status      ; Successful - Mon Apr 24 04:21:27 2023       ;
; Quartus Prime Version              ; 20.1.0 Build 711 06/05/2020 SJ Lite Edition ;
; Revision Name                      ; 32X32MATV1                                  ;
; Top-level Entity Name              ; top_dut                                     ;
; Family                             ; Cyclone IV E                                ;
; Total logic elements               ; N/A until Partition Merge                   ;
;     Total combinational functions  ; N/A until Partition Merge                   ;
;     Dedicated logic registers      ; N/A until Partition Merge                   ;
; Total registers                    ; N/A until Partition Merge                   ;
; Total pins                         ; N/A until Partition Merge                   ;
; Total virtual pins                 ; N/A until Partition Merge                   ;
; Total memory bits                  ; N/A until Partition Merge                   ;
; Embedded Multiplier 9-bit elements ; N/A until Partition Merge                   ;
; Total PLLs                         ; N/A until Partition Merge                   ;
+------------------------------------+---------------------------------------------+


+------------------------------------------+
; Parallel Compilation                     ;
+----------------------------+-------------+
; Processors                 ; Number      ;
+----------------------------+-------------+
; Number detected on machine ; 2           ;
; Maximum allowed            ; 2           ;
;                            ;             ;
; Average used               ; 1.00        ;
; Maximum used               ; 1           ;
;                            ;             ;
; Usage by Processor         ; % Time Used ;
;     Processor 1            ; 100.0%      ;
+----------------------------+-------------+


+-------------------------------------------------------------------------+
; Parameter Settings for User Entity Instance: Top-level Entity: |top_dut ;
+----------------+-------+------------------------------------------------+
; Parameter Name ; Value ; Type                                           ;
+----------------+-------+------------------------------------------------+
; ANCHO_PALABRA  ; 32    ; Signed Integer                                 ;
; DIM            ; 3     ; Signed Integer                                 ;
; NBITS_PRESC    ; 3     ; Signed Integer                                 ;
+----------------+-------+------------------------------------------------+
Note: In order to hide this table in the UI and the text report file, please set the "Show Parameter Settings in Synthesis Report" option in "Analysis and Synthesis Settings -> More Settings" to "Off".


+----------------------------------------------------------------------------------+
; Parameter Settings for User Entity Instance: stateMachOperateSignals:SIGNALSCONT ;
+----------------+-------+---------------------------------------------------------+
; Parameter Name ; Value ; Type                                                    ;
+----------------+-------+---------------------------------------------------------+
; DIM            ; 3     ; Signed Integer                                          ;
+----------------+-------+---------------------------------------------------------+
Note: In order to hide this table in the UI and the text report file, please set the "Show Parameter Settings in Synthesis Report" option in "Analysis and Synthesis Settings -> More Settings" to "Off".


+--------------------------------------------------------------------------+
; Parameter Settings for User Entity Instance: StateMachineGenDir1:SM_GDM1 ;
+----------------+-------+-------------------------------------------------+
; Parameter Name ; Value ; Type                                            ;
+----------------+-------+-------------------------------------------------+
; DIM            ; 3     ; Signed Integer                                  ;
+----------------+-------+-------------------------------------------------+
Note: In order to hide this table in the UI and the text report file, please set the "Show Parameter Settings in Synthesis Report" option in "Analysis and Synthesis Settings -> More Settings" to "Off".


+--------------------------------------------------------------------------+
; Parameter Settings for User Entity Instance: StateMachineGenDir2:SM_GDM2 ;
+----------------+-------+-------------------------------------------------+
; Parameter Name ; Value ; Type                                            ;
+----------------+-------+-------------------------------------------------+
; DIM            ; 3     ; Signed Integer                                  ;
+----------------+-------+-------------------------------------------------+
Note: In order to hide this table in the UI and the text report file, please set the "Show Parameter Settings in Synthesis Report" option in "Analysis and Synthesis Settings -> More Settings" to "Off".


+--------------------------------------------------------------+
; Parameter Settings for User Entity Instance: prescaler:PRESC ;
+----------------+-------+-------------------------------------+
; Parameter Name ; Value ; Type                                ;
+----------------+-------+-------------------------------------+
; NBITS          ; 3     ; Signed Integer                      ;
+----------------+-------+-------------------------------------+
Note: In order to hide this table in the UI and the text report file, please set the "Show Parameter Settings in Synthesis Report" option in "Analysis and Synthesis Settings -> More Settings" to "Off".


+-------------------------------------------------------------------------+
; Parameter Settings for User Entity Instance: simple_dual_port_ram:RAMR1 ;
+----------------+-------+------------------------------------------------+
; Parameter Name ; Value ; Type                                           ;
+----------------+-------+------------------------------------------------+
; DATA_WIDTH     ; 32    ; Signed Integer                                 ;
; ADDR_WIDTH     ; 4     ; Signed Integer                                 ;
+----------------+-------+------------------------------------------------+
Note: In order to hide this table in the UI and the text report file, please set the "Show Parameter Settings in Synthesis Report" option in "Analysis and Synthesis Settings -> More Settings" to "Off".


+-------------------------------------------------------------------------+
; Parameter Settings for User Entity Instance: simple_dual_port_ram:RAMI1 ;
+----------------+-------+------------------------------------------------+
; Parameter Name ; Value ; Type                                           ;
+----------------+-------+------------------------------------------------+
; DATA_WIDTH     ; 32    ; Signed Integer                                 ;
; ADDR_WIDTH     ; 4     ; Signed Integer                                 ;
+----------------+-------+------------------------------------------------+
Note: In order to hide this table in the UI and the text report file, please set the "Show Parameter Settings in Synthesis Report" option in "Analysis and Synthesis Settings -> More Settings" to "Off".


+-------------------------------------------------------------------------+
; Parameter Settings for User Entity Instance: simple_dual_port_ram:RAMR2 ;
+----------------+-------+------------------------------------------------+
; Parameter Name ; Value ; Type                                           ;
+----------------+-------+------------------------------------------------+
; DATA_WIDTH     ; 32    ; Signed Integer                                 ;
; ADDR_WIDTH     ; 4     ; Signed Integer                                 ;
+----------------+-------+------------------------------------------------+
Note: In order to hide this table in the UI and the text report file, please set the "Show Parameter Settings in Synthesis Report" option in "Analysis and Synthesis Settings -> More Settings" to "Off".


+-------------------------------------------------------------------------+
; Parameter Settings for User Entity Instance: simple_dual_port_ram:RAMI2 ;
+----------------+-------+------------------------------------------------+
; Parameter Name ; Value ; Type                                           ;
+----------------+-------+------------------------------------------------+
; DATA_WIDTH     ; 32    ; Signed Integer                                 ;
; ADDR_WIDTH     ; 4     ; Signed Integer                                 ;
+----------------+-------+------------------------------------------------+
Note: In order to hide this table in the UI and the text report file, please set the "Show Parameter Settings in Synthesis Report" option in "Analysis and Synthesis Settings -> More Settings" to "Off".


+----------------------------------------------------------+
; Parameter Settings for User Entity Instance: accum:ACUMR ;
+----------------+-------+---------------------------------+
; Parameter Name ; Value ; Type                            ;
+----------------+-------+---------------------------------+
; DIM            ; 3     ; Signed Integer                  ;
+----------------+-------+---------------------------------+
Note: In order to hide this table in the UI and the text report file, please set the "Show Parameter Settings in Synthesis Report" option in "Analysis and Synthesis Settings -> More Settings" to "Off".


+----------------------------------------------------------+
; Parameter Settings for User Entity Instance: accum:ACUMI ;
+----------------+-------+---------------------------------+
; Parameter Name ; Value ; Type                            ;
+----------------+-------+---------------------------------+
; DIM            ; 3     ; Signed Integer                  ;
+----------------+-------+---------------------------------+
Note: In order to hide this table in the UI and the text report file, please set the "Show Parameter Settings in Synthesis Report" option in "Analysis and Synthesis Settings -> More Settings" to "Off".


+----------------------------------------------------------------------------+
; Parameter Settings for User Entity Instance: simple_dual_port_ram:RAM_outR ;
+----------------+-------+---------------------------------------------------+
; Parameter Name ; Value ; Type                                              ;
+----------------+-------+---------------------------------------------------+
; DATA_WIDTH     ; 32    ; Signed Integer                                    ;
; ADDR_WIDTH     ; 4     ; Signed Integer                                    ;
+----------------+-------+---------------------------------------------------+
Note: In order to hide this table in the UI and the text report file, please set the "Show Parameter Settings in Synthesis Report" option in "Analysis and Synthesis Settings -> More Settings" to "Off".


+----------------------------------------------------------------------------+
; Parameter Settings for User Entity Instance: simple_dual_port_ram:RAM_outI ;
+----------------+-------+---------------------------------------------------+
; Parameter Name ; Value ; Type                                              ;
+----------------+-------+---------------------------------------------------+
; DATA_WIDTH     ; 32    ; Signed Integer                                    ;
; ADDR_WIDTH     ; 4     ; Signed Integer                                    ;
+----------------+-------+---------------------------------------------------+
Note: In order to hide this table in the UI and the text report file, please set the "Show Parameter Settings in Synthesis Report" option in "Analysis and Synthesis Settings -> More Settings" to "Off".


+----------------------------------------------------------------------------+
; Parameter Settings for User Entity Instance: contadorDirRamOut:CNTDIRAMOUT ;
+----------------+-------+---------------------------------------------------+
; Parameter Name ; Value ; Type                                              ;
+----------------+-------+---------------------------------------------------+
; DIM            ; 3     ; Signed Integer                                    ;
+----------------+-------+---------------------------------------------------+
Note: In order to hide this table in the UI and the text report file, please set the "Show Parameter Settings in Synthesis Report" option in "Analysis and Synthesis Settings -> More Settings" to "Off".


+------------------------------------------------------------------------------------------------------------+
; Analysis & Elaboration Settings                                                                            ;
+------------------------------------------------------------------+--------------------+--------------------+
; Option                                                           ; Setting            ; Default Value      ;
+------------------------------------------------------------------+--------------------+--------------------+
; Device                                                           ; EP4CE6F17C8        ;                    ;
; Top-level entity name                                            ; top_dut            ; 32X32MATV1         ;
; Family name                                                      ; Cyclone IV E       ; Cyclone V          ;
; Use smart compilation                                            ; Off                ; Off                ;
; Enable parallel Assembler and Timing Analyzer during compilation ; On                 ; On                 ;
; Enable compact report table                                      ; Off                ; Off                ;
; Restructure Multiplexers                                         ; Auto               ; Auto               ;
; Create Debugging Nodes for IP Cores                              ; Off                ; Off                ;
; Preserve fewer node names                                        ; On                 ; On                 ;
; Intel FPGA IP Evaluation Mode                                    ; Enable             ; Enable             ;
; Verilog Version                                                  ; Verilog_2001       ; Verilog_2001       ;
; VHDL Version                                                     ; VHDL_1993          ; VHDL_1993          ;
; State Machine Processing                                         ; Auto               ; Auto               ;
; Safe State Machine                                               ; Off                ; Off                ;
; Extract Verilog State Machines                                   ; On                 ; On                 ;
; Extract VHDL State Machines                                      ; On                 ; On                 ;
; Ignore Verilog initial constructs                                ; Off                ; Off                ;
; Iteration limit for constant Verilog loops                       ; 5000               ; 5000               ;
; Iteration limit for non-constant Verilog loops                   ; 250                ; 250                ;
; Add Pass-Through Logic to Inferred RAMs                          ; On                 ; On                 ;
; Infer RAMs from Raw Logic                                        ; On                 ; On                 ;
; Parallel Synthesis                                               ; On                 ; On                 ;
; DSP Block Balancing                                              ; Auto               ; Auto               ;
; NOT Gate Push-Back                                               ; On                 ; On                 ;
; Power-Up Don't Care                                              ; On                 ; On                 ;
; Remove Redundant Logic Cells                                     ; Off                ; Off                ;
; Remove Duplicate Registers                                       ; On                 ; On                 ;
; Ignore CARRY Buffers                                             ; Off                ; Off                ;
; Ignore CASCADE Buffers                                           ; Off                ; Off                ;
; Ignore GLOBAL Buffers                                            ; Off                ; Off                ;
; Ignore ROW GLOBAL Buffers                                        ; Off                ; Off                ;
; Ignore LCELL Buffers                                             ; Off                ; Off                ;
; Ignore SOFT Buffers                                              ; On                 ; On                 ;
; Limit AHDL Integers to 32 Bits                                   ; Off                ; Off                ;
; Optimization Technique                                           ; Balanced           ; Balanced           ;
; Carry Chain Length                                               ; 70                 ; 70                 ;
; Auto Carry Chains                                                ; On                 ; On                 ;
; Auto Open-Drain Pins                                             ; On                 ; On                 ;
; Perform WYSIWYG Primitive Resynthesis                            ; Off                ; Off                ;
; Auto ROM Replacement                                             ; On                 ; On                 ;
; Auto RAM Replacement                                             ; On                 ; On                 ;
; Auto DSP Block Replacement                                       ; On                 ; On                 ;
; Auto Shift Register Replacement                                  ; Auto               ; Auto               ;
; Allow Shift Register Merging across Hierarchies                  ; Auto               ; Auto               ;
; Auto Clock Enable Replacement                                    ; On                 ; On                 ;
; Strict RAM Replacement                                           ; Off                ; Off                ;
; Allow Synchronous Control Signals                                ; On                 ; On                 ;
; Force Use of Synchronous Clear Signals                           ; Off                ; Off                ;
; Auto RAM Block Balancing                                         ; On                 ; On                 ;
; Auto RAM to Logic Cell Conversion                                ; Off                ; Off                ;
; Auto Resource Sharing                                            ; Off                ; Off                ;
; Allow Any RAM Size For Recognition                               ; Off                ; Off                ;
; Allow Any ROM Size For Recognition                               ; Off                ; Off                ;
; Allow Any Shift Register Size For Recognition                    ; Off                ; Off                ;
; Use LogicLock Constraints during Resource Balancing              ; On                 ; On                 ;
; Ignore translate_off and synthesis_off directives                ; Off                ; Off                ;
; Timing-Driven Synthesis                                          ; On                 ; On                 ;
; Report Parameter Settings                                        ; On                 ; On                 ;
; Report Source Assignments                                        ; On                 ; On                 ;
; Report Connectivity Checks                                       ; On                 ; On                 ;
; Ignore Maximum Fan-Out Assignments                               ; Off                ; Off                ;
; Synchronization Register Chain Length                            ; 2                  ; 2                  ;
; Power Optimization During Synthesis                              ; Normal compilation ; Normal compilation ;
; HDL message level                                                ; Level2             ; Level2             ;
; Suppress Register Optimization Related Messages                  ; Off                ; Off                ;
; Number of Removed Registers Reported in Synthesis Report         ; 5000               ; 5000               ;
; Number of Swept Nodes Reported in Synthesis Report               ; 5000               ; 5000               ;
; Number of Inverted Registers Reported in Synthesis Report        ; 100                ; 100                ;
; Clock MUX Protection                                             ; On                 ; On                 ;
; Auto Gated Clock Conversion                                      ; Off                ; Off                ;
; Block Design Naming                                              ; Auto               ; Auto               ;
; SDC constraint protection                                        ; Off                ; Off                ;
; Synthesis Effort                                                 ; Auto               ; Auto               ;
; Shift Register Replacement - Allow Asynchronous Clear Signal     ; On                 ; On                 ;
; Pre-Mapping Resynthesis Optimization                             ; Off                ; Off                ;
; Analysis & Synthesis Message Level                               ; Medium             ; Medium             ;
; Disable Register Merging Across Hierarchies                      ; Auto               ; Auto               ;
; Resource Aware Inference For Block RAM                           ; On                 ; On                 ;
+------------------------------------------------------------------+--------------------+--------------------+


+---------------------------------------------------------+
; Port Connectivity Checks: "StateMachineGenDir2:SM_GDM2" ;
+------+--------+----------+------------------------------+
; Port ; Type   ; Severity ; Details                      ;
+------+--------+----------+------------------------------+
; flag ; Output ; Info     ; Explicitly unconnected       ;
+------+--------+----------+------------------------------+


+---------------------------------------------------------+
; Port Connectivity Checks: "StateMachineGenDir1:SM_GDM1" ;
+------+--------+----------+------------------------------+
; Port ; Type   ; Severity ; Details                      ;
+------+--------+----------+------------------------------+
; flag ; Output ; Info     ; Explicitly unconnected       ;
+------+--------+----------+------------------------------+


+---------------------------------+
; Analysis & Elaboration Messages ;
+---------------------------------+
Info: *******************************************************************
Info: Running Quartus Prime Analysis & Elaboration
    Info: Version 20.1.0 Build 711 06/05/2020 SJ Lite Edition
    Info: Processing started: Mon Apr 24 04:20:52 2023
Info: Command: quartus_map --read_settings_files=on --write_settings_files=off 32X32MATV1 -c 32X32MATV1 --analysis_and_elaboration
Warning (18236): Number of processors has not been specified which may cause overloading on shared machines.  Set the global assignment NUM_PARALLEL_PROCESSORS in your QSF to an appropriate value for best performance.
Info (20030): Parallel compilation is enabled and will use 2 of the 2 processors detected
Info (12021): Found 1 design units, including 1 entities, in source file PROYECT_03/testbenches/tb_dut.v
    Info (12023): Found entity 1: tb_dut File: /home/jhonatang/Documentos/PROYECTOS_QUARTUS/PROYECTO_32X32MAT/PROYECT_03/testbenches/tb_dut.v Line: 2
Info (12021): Found 1 design units, including 1 entities, in source file PROYECT_03/top_dut.v
    Info (12023): Found entity 1: top_dut File: /home/jhonatang/Documentos/PROYECTOS_QUARTUS/PROYECTO_32X32MAT/PROYECT_03/top_dut.v Line: 1
Info (12021): Found 1 design units, including 1 entities, in source file PROYECT_03/sumtwo.v
    Info (12023): Found entity 1: sumtwo File: /home/jhonatang/Documentos/PROYECTOS_QUARTUS/PROYECTO_32X32MAT/PROYECT_03/sumtwo.v Line: 1
Info (12021): Found 1 design units, including 1 entities, in source file PROYECT_03/stateMachOperateSignals.v
    Info (12023): Found entity 1: stateMachOperateSignals File: /home/jhonatang/Documentos/PROYECTOS_QUARTUS/PROYECTO_32X32MAT/PROYECT_03/stateMachOperateSignals.v Line: 1
Info (12021): Found 1 design units, including 1 entities, in source file PROYECT_03/StateMachineGenDir2.v
    Info (12023): Found entity 1: StateMachineGenDir2 File: /home/jhonatang/Documentos/PROYECTOS_QUARTUS/PROYECTO_32X32MAT/PROYECT_03/StateMachineGenDir2.v Line: 1
Info (12021): Found 1 design units, including 1 entities, in source file PROYECT_03/StateMachineGenDir1.v
    Info (12023): Found entity 1: StateMachineGenDir1 File: /home/jhonatang/Documentos/PROYECTOS_QUARTUS/PROYECTO_32X32MAT/PROYECT_03/StateMachineGenDir1.v Line: 1
Info (12021): Found 1 design units, including 1 entities, in source file PROYECT_03/simple_dual_port_ram.v
    Info (12023): Found entity 1: simple_dual_port_ram File: /home/jhonatang/Documentos/PROYECTOS_QUARTUS/PROYECTO_32X32MAT/PROYECT_03/simple_dual_port_ram.v Line: 1
Info (12021): Found 1 design units, including 1 entities, in source file PROYECT_03/prodtwo.v
    Info (12023): Found entity 1: prodtwo File: /home/jhonatang/Documentos/PROYECTOS_QUARTUS/PROYECTO_32X32MAT/PROYECT_03/prodtwo.v Line: 1
Info (12021): Found 1 design units, including 1 entities, in source file PROYECT_03/prescaler.v
    Info (12023): Found entity 1: prescaler File: /home/jhonatang/Documentos/PROYECTOS_QUARTUS/PROYECTO_32X32MAT/PROYECT_03/prescaler.v Line: 1
Info (12021): Found 1 design units, including 1 entities, in source file PROYECT_03/contadorDirRamOut.v
    Info (12023): Found entity 1: contadorDirRamOut File: /home/jhonatang/Documentos/PROYECTOS_QUARTUS/PROYECTO_32X32MAT/PROYECT_03/contadorDirRamOut.v Line: 1
Info (12021): Found 1 design units, including 1 entities, in source file PROYECT_03/acum.v
    Info (12023): Found entity 1: accum File: /home/jhonatang/Documentos/PROYECTOS_QUARTUS/PROYECTO_32X32MAT/PROYECT_03/acum.v Line: 1
Info (12127): Elaborating entity "top_dut" for the top level hierarchy
Info (12128): Elaborating entity "stateMachOperateSignals" for hierarchy "stateMachOperateSignals:SIGNALSCONT" File: /home/jhonatang/Documentos/PROYECTOS_QUARTUS/PROYECTO_32X32MAT/PROYECT_03/top_dut.v Line: 54
Info (12128): Elaborating entity "StateMachineGenDir1" for hierarchy "StateMachineGenDir1:SM_GDM1" File: /home/jhonatang/Documentos/PROYECTOS_QUARTUS/PROYECTO_32X32MAT/PROYECT_03/top_dut.v Line: 66
Warning (10230): Verilog HDL assignment warning at StateMachineGenDir1.v(72): truncated value with size 32 to match size of target (4) File: /home/jhonatang/Documentos/PROYECTOS_QUARTUS/PROYECTO_32X32MAT/PROYECT_03/StateMachineGenDir1.v Line: 72
Info (12128): Elaborating entity "StateMachineGenDir2" for hierarchy "StateMachineGenDir2:SM_GDM2" File: /home/jhonatang/Documentos/PROYECTOS_QUARTUS/PROYECTO_32X32MAT/PROYECT_03/top_dut.v Line: 75
Warning (10230): Verilog HDL assignment warning at StateMachineGenDir2.v(67): truncated value with size 32 to match size of target (4) File: /home/jhonatang/Documentos/PROYECTOS_QUARTUS/PROYECTO_32X32MAT/PROYECT_03/StateMachineGenDir2.v Line: 67
Info (12128): Elaborating entity "prescaler" for hierarchy "prescaler:PRESC" File: /home/jhonatang/Documentos/PROYECTOS_QUARTUS/PROYECTO_32X32MAT/PROYECT_03/top_dut.v Line: 85
Info (12128): Elaborating entity "simple_dual_port_ram" for hierarchy "simple_dual_port_ram:RAMR1" File: /home/jhonatang/Documentos/PROYECTOS_QUARTUS/PROYECTO_32X32MAT/PROYECT_03/top_dut.v Line: 98
Info (12128): Elaborating entity "prodtwo" for hierarchy "prodtwo:PROD" File: /home/jhonatang/Documentos/PROYECTOS_QUARTUS/PROYECTO_32X32MAT/PROYECT_03/top_dut.v Line: 146
Info (12128): Elaborating entity "sumtwo" for hierarchy "sumtwo:SUM" File: /home/jhonatang/Documentos/PROYECTOS_QUARTUS/PROYECTO_32X32MAT/PROYECT_03/top_dut.v Line: 161
Info (12128): Elaborating entity "accum" for hierarchy "accum:ACUMR" File: /home/jhonatang/Documentos/PROYECTOS_QUARTUS/PROYECTO_32X32MAT/PROYECT_03/top_dut.v Line: 174
Info (12128): Elaborating entity "contadorDirRamOut" for hierarchy "contadorDirRamOut:CNTDIRAMOUT" File: /home/jhonatang/Documentos/PROYECTOS_QUARTUS/PROYECTO_32X32MAT/PROYECT_03/top_dut.v Line: 216
Info: Quartus Prime Analysis & Elaboration was successful. 0 errors, 3 warnings
    Info: Peak virtual memory: 675 megabytes
    Info: Processing ended: Mon Apr 24 04:21:27 2023
    Info: Elapsed time: 00:00:35
    Info: Total CPU time (on all processors): 00:00:47


